[  0.0000] Iniazinggro subs uset[   00000] Initializing cgroup subsys cpu
[    0.00000] italizin cgup subsy cpuacct
[   .0000] Linux version 4.4.0-139-generic (buildd@lcy01-amd64-006 (gcc version 5.4.0 20160609 (Ubunt 54.0-buu1~16.04.) #165bun SMP Wed Oct 24 10:58:50 UTC 2018 (Ubuntu 4.4.0-139.165-generic 4.4.160)
[    0.000000] Command line: BOOT_IMAGE=/boot/vmlinuz-4.4.0-139-generic root=LABEL=cloudimg-rootfs ro console=tty1 console=ttyS0
[    0.000000] KERNEL supported cpus:
[    0.000000]   Intel GenuineIntel
[    0.000000]   AMD AuthenticAMD
[    0.000000]   Centaur CentaurHauls
[    0.000000] x86/fpu: xstate_offset[2]:  576, xstate_sizes[2]:  256
[    0000] 6/u: Spoing AVfeature 0x01:'x foatin pntegisrs'
[   .0000] 6/fpu:uprtinXSE feature 0x: SE registers'
[    0.0000]x86/fpu: Supporting XSAVE feate 04: VXegisrs
[   .0000] x/f: Enlexsta fturesx7, ctet sizis32 bys,usin'standard' format.
[    0.000000] e820: BIOS-provided physical RAM map:
[    0.000000] BIOS-e820: [mem 0x0000000000000000-0x000000000009fbff] usable
[    0.000000] BIOS-e820: [mem 0x000000000009fc00-0x000000000009ffff] reserved
[    0.000000] BIOS-e820: [mem 0x00000000000f0000-0x00000000000fffff] reserved
[    0.000000] BIOS-e820: [mem 0x0000000000100000-0x00000000be7effff] usable
[    .0000BIOS82 [mem 000000be00-0x00000000befff] ACPIat
[    0.0000 BIOe8: [m 000000f00000x0000fec0ff] reserved
[  000000BI-e82 [m 0x00000000fee00000-0x00000000fee00fff] reserved
[    0.000000] BIOS-e820: [m 0x00000000fffc0000-0x00000000ffffffff] rserved
[    0.000] N(Execute Disae) proctn: acve
[  0.0000] BIS 2.prent.[   000000]Hypervoretecd:VM
[  00000]82: la_p = 0xbe7f0 maar_pfn = 0x4000000
[    .0000 MTR Dabled
    0.000000] x86/PAT: MTRRs sabled, skipping PAT initialization too.
[    0.000000] CPU MTRRs all blank - virtualized system.
[    0.000000] x86/PAT: Configuration [0-7]: WB  WT  UC- UC  WB  WT  UC- UC  
[    0.000000] found SMP MP-table at [mem 0x0009fff0-0x0009ffff] mapped at [ffff88000009fff0]
[    0.000000] Scanning 1 areas for low memory corruption
[    0.000000] RAMDISK: [mem 0x3630c000-0x3717dfff]
[    0.000000] ACPI: Early table checksum verification disabled
[    0000] AI:RSDPx0000000000 00 (v0VB  )
[  0000] ACPI: XSDT0x0000000E7030 00C (v01 VX VBOXDT00000 A  0000)
[  0000] PI: FACP 0x00000000BE7F00F0 0000F4 (v0VBX   OXCP 0001 ASL  000000)
[    0.000000] ACPI: DSDT 0x00000000BE7F0480 0021FF (v02 VBOX VBOBI 0000002NT 20152)
[  000000] PI FACS 0000007F00 004
[  0.0000] PIFACSx00000E7200 004
[    0.000000] ACPI: APIC 0x00000000BE7F0240 00006C (v02 VBOX   VBXAPIC 00000001 ASL  00000061)
[    0.000000] ACPI: SSDT 0x00000000BE7F02B0 0001CC (v01 VBOX   VBOXCPUT 00000002 INTL 20100528)
[    0.000000] No NUMA configuration found
[    0.000000] Faking a node at [mem 0x0000000000000000-0x00000000be7effff]
[    0.000000] NODE_DATA(0) allocated [mem 0xbe7eb000-0xbe7effff]
[    0.000000] kvmclock: Using msrs 4b564d01 and 4b564d00
[    0.000000] kvm-clock: cpu 0, msr 0:be7e3001, primary cpu clock
[    0.000000] kvm-clock: using sched offset of 3555970044 cycles
[    0.000000] clocksource: kvm-clock: mask: 0xffffffffffffffff max_cycles: 0x1cd42e4dffb, max_idle_ns: 881590591483 ns
[    0.000000] Zone ranges:
[    0.000000]   DMA      [mem 0x0000000000001000-0x0000000000ffffff]
[    0.000000]   DMA32    [mem 0x0000000001000000-0x00000000be7effff]
[    0.000000]   Normal   empty
[    0.000000]   Device   empty
[    0.000000] Movable zone start for each node
[    0.000000] Early memory node ranges
[    0.000000]   node   0: [mem 0x0000000000001000-0x000000000009efff]
[    0.000000]   node   0: [mem 0x0000000000100000-0x00000000be7effff]
[    0.000000] Initme setup node 0 [m 00000000001000x0000007effff
[   0.000] PI: PTir O Port: 408
[    0.000000] IOAPIC[0]: apic_id 4, version 32, address 0xfec00000, GSI 0-23
[    000000] ACPI: I_SRCOV(bs 0 buir0 glol_q 2 df d)
[  00000]CP: INSROVR (s  bs_ir9 obal_ir 9owlel)
[    0.000] sin AI MAD for SMP coniguration information
[    0.000000] smpboot: Allowing 4 CPUs, 0 hotplug CPUs
[    0.000000] PM: Registered nosave memory: [mem 0x00000000-0x00000fff]
[    0.000000] PM: Registered nosave memory: [mem 0x0009f000-0x0009ffff]
[    0.000000] PM: Registered nosave memory [memx000a0000-0x000effff]
[    0.000000] PM: Registered nosave memory: [mem 0x000f0000-0x000fffff]
[    0.000000] e820: [mem 0xbe800000-0xfebfffff] available for PCI devices
[    0.000000] Booting paravirtualized kernel on KVM
[    0.000000] clocksource: refined-jiffies: mask: 0xffffffff max_cycles: 0xffffffff, max_idle_ns: 7645519600211568 ns
[    0.000000] setup_percpu: NR_CPUS:512 nr_cpumask_bits:512 nr_cpu_ids:4 nr_node_ids:1
[    0.000000] PERCPU: Embedded 34 pages/cpu @ffff8800be200000 s99608 r8192 d31464 u524288
[    0.000000] PV qspinlock hash table entries: 256 (order: 0, 4096 bytes)
[    0.000000] Built 1 zonelists in Node order, mobility grouping on.  Total pages: 767960
[    0.000000] Policy zone: DMA32
[    0.000000] Kernel command line: BOOT_IMAGE=/boot/vmlinuz-4.4.0-139-generic root=LABEL=cloudimg-rootfs ro console=tty1 console=ttyS0
[    0.000000] PID hash table entries: 4096 (order: 3, 32768 bytes)
[    0.000000] Memory: 3037252K/3120696K available (8564K kernel code, 1314K rwdata, 4004K rodata, 1528K init, 1316K bss, 83444K reserved, 0K cma-reserved)
[    0.000000] SLUB: HWalign=64, Order=0-3, MinObjects=0, CPUs=4, Nodes=1
[    0.000000] Kernel/User page tables isolation: enabled
[    0.000000] Hierarchical RCU implementation.
[    0.000000] 	Build-time adjustment of leaf fanout to 64.
[    0.000000] 	RCU restricting CPUs from NR_CPUS=512 to nr_cpu_ids=4.
[    0.000000] RCU: Adjusting geometry for rcu_fanout_leaf=64, nr_cpu_ids=4
[    0.000000] NR_IRQS:33024 nr_irqs:456 16
[    0.000000] Console: colour VGA+ 80x25
[    0.000000] console [tty1] enabled
[    0.000000] console [ttyS0] enabled
[   0.000000] tsc: Detected 1800.002 MHz processor
[    7.203152] Calibrating delay loop (skipped) preset value.. 3600.00 BogoMIPS (lpj=7200008)
[    7.206311] pid_max: default: 32768 minimum: 301
[    7.214388] ACPI: Core revision 20150930
[    7.215869] ACPI: 2 ACPI AML tables successfully acquired and loaded
[    7.353053] Security Framework initialized
[    7.371843] Yama: becoming mindful.
[    7.434195] AppArmor: AppArmor initialized
[    7.488361] Dentry cache hash table entries: 524288 (order: 10, 4194304 bytes)
[    7.563758] Inode-cache hash table entries: 262144 (order: 9, 2097152 bytes)
[    7.632573] Mount-cache hash table entries: 8192 (order: 4, 65536 bytes)
[    7.824147] Mountpoint-cache hash table entries: 8192 (order: 4, 65536 bytes)
[    8.012304] Initializing cgroup subsys io
[    8.089180] Initializing cgroup subsys memory
[    8.090069] Initializing cgroup subsys devices
[    8.090988] Initializing cgroup subsys freezer
[    8.091981] Initializing cgroup subsys net_cls
[    8.113946] Initializing cgroup subsys perf_event
[    8.114821] Initializing cgroup subsys net_prio
[    8.115604] Initializing cgroup subsys hugetlb
[    8.116383] Initializing cgroup subsys pids
[    8.118334] mce: CPU supports 0 MCE banks
[    8.119110] Last level iTLB entries: 4KB 64, 2MB 8, 4MB 8
[    8.120166] Last level dTLB entries: 4KB 64, 2MB 0, 4MB 0, 1GB 4
[    8.135665] Spectre V2 : Mitigation: Full generic retpoline
[    8.172164] Spectre V2 : Spectre v2 mitigation: Speculation control IBPB not-supported IBRS not-supported
[    8.178897] Spectre V2 : Spectre v2 / SpectreRSB mitigation: Filling RSB on context switch
[    8.214686] Speculative Store Bypass: Vulnerable
[    8.230856] Freeing SMP alternatives memory: 32K
[    8.247197] ftrace: allocating 32278 entries in 127 pages
[    8.308035] smpboot: APIC(0) Converting physical 0 to logical package 0
[    8.382513] smpboot: Max logical packages: 1
[    8.451999] x2apic enabled
[    8.509446] Switched APIC routing to physical x2apic.
[    8.606683] ..TIMER: vector=0x30 apic1=0 pin1=2 apic2=-1 pin2=-1
[    8.825903] smpboot: CPU0: Intel(R) Core(TM) i5-8250U CPU @ 1.60GHz (family: 0x6, model: 0x8e, stepping: 0xa)
[    9.021528] Performance Events: unsupported p6 CPU model 142 no PMU driver, software events only.
[    9.071981] KVM setup paravirtual spinlock
[    9.143691] x86: Booting SMP configuration:
[    9.144407] .... node  #0, CPUs:      #1
[    9.145195] kvm-clock: cpu 1, msr 0:be7e3041, secondary cpu clock
[    9.187830] mce: CPU supports 0 MCE banks
[    9.190402]  #2
[    9.228726] kvm-clock: cpu 2, msr 0:be7e3081, secondary cpu clock
[    9.270064] mce: CPU supports 0 MCE banks
[    9.272798]  #3
[    9.294220] kvm-clock: cpu 3, msr 0:be7e30c1, secondary cpu clock
[    9.307145] mce: CPU supports 0 MCE banks
[    9.333006] x86: Booted up 1 node, 4 CPUs
[    9.340777] smpboot: Total of 4 processors activated (14400.01 BogoMIPS)
[    9.342267] devtmpfs: initialized
[    9.347230] evm: security.selinux
[    9.433841] evm: security.SMACK64
[    9.525548] evm: security.SMACK64EXEC
[    9.605609] evm: security.SMACK64TRANSMUTE
[    9.727632] evm: security.SMACK64MMAP
[    9.817500] evm: security.ima
[    9.879068] evm: security.capability
[    9.937908] clocksource: jiffies: mask: 0xffffffff max_cycles: 0xffffffff, max_idle_ns: 7645041785100000 ns
[    9.992653] futex hash table entries: 1024 (order: 4, 65536 bytes)
[   10.075735] pinctrl core: initialized pinctrl subsystem
[   10.153555] RTC time:  0:53:06, date: 12/06/18
[   10.188258] NET: Registered protocol family 16
[   10.287121] cpuidle: using governor ladder
[   10.375963] cpuidle: using governor menu
[   10.383275] PCCT header not found.
[   10.383979] ACPI: bus type PCI registered
[   10.390170] acpiphp: ACPI Hot Plug PCI Controller Driver version: 0.5
[   10.398014] PCI: Using configuration type 1 for base access
[   10.412090] ACPI: Added _OSI(Module Device)
[   10.500511] ACPI: Added _OSI(Processor Device)
[   10.639661] ACPI: Added _OSI(3.0 _SCP Extensions)
[   10.715205] ACPI: Added _OSI(Processor Aggregator Device)
[   10.735736] ACPI: Executed 1 blocks of module-level executable AML code
[   10.825383] ACPI: Interpreter enabled
[   10.854643] ACPI: (supports S0 S5)
[   10.872887] ACPI: Using IOAPIC for interrupt routing
[   10.896113] PCI: Using host bridge windows from ACPI; if necessary, use "pci=nocrs" and report a bug
[   11.048359] ACPI: PCI Root Bridge [PCI0] (domain 0000 [bus 00-ff])
[   11.049427] acpi PNP0A03:00: _OSC: OS supports [ASPM ClockPM Segments MSI]
[   11.159354] acpi PNP0A03:00: _OSC: not requesting OS control; OS requires [ExtendedConfig ASPM ClockPM MSI]
[   11.271503] acpi PNP0A03:00: fail to add MMCONFIG information, can't access extended PCI configuration space under this bridge.
[   11.405600] PCI host bridge to bus 0000:00
[   11.420272] pci_bus 0000:00: root bus resource [io  0x0000-0x0cf7 window]
[   11.421504] pci_bus 0000:00: root bus resource [io  0x0d00-0xffff window]
[   11.422533] pci_bus 0000:00: root bus resource [mem 0x000a0000-0x000bffff window]
[   11.423818] pci_bus 0000:00: root bus resource [mem 0xbe800000-0xfdffffff window]
[   11.431109] pci_bus 0000:00: root bus resource [bus 00-ff]
[   11.446151] pci 0000:00:01.1: legacy IDE quirk: reg 0x10: [io  0x01f0-0x01f7]
[   11.447285] pci 0000:00:01.1: legacy IDE quirk: reg 0x14: [io  0x03f6]
[   11.448321] pci 0000:00:01.1: legacy IDE quirk: reg 0x18: [io  0x0170-0x0177]
[   11.464816] pci 0000:00:01.1: legacy IDE quirk: reg 0x1c: [io  0x0376]
[   11.501648] pci 0000:00:07.0: quirk: [io  0x4000-0x403f] claimed by PIIX4 ACPI
[   11.575593] pci 0000:00:07.0: quirk: [io  0x4100-0x410f] claimed by PIIX4 SMB
[   11.692349] ACPI: PCI Interrupt Link [LNKA] (IRQs 5 9 10 *11)
[   11.784522] ACPI: PCI Interrupt Link [LNKB] (IRQs 5 9 *10 11)
[   11.812631] ACPI: PCI Interrupt Link [LNKC] (IRQs 5 *9 10 11)
[   11.896679] ACPI: PCI Interrupt Link [LNKD] (IRQs 5 9 10 *11)
[   11.942393] ACPI: Enabled 2 GPEs in block 00 to 07
[   12.012964] vgaarb: setting as boot device: PCI:0000:00:02.0
[   12.072307] vgaarb: device added: PCI:0000:00:02.0,decodes=io+mem,owns=io+mem,locks=none
[   12.095251] vgaarb: loaded
[   12.101697] vgaarb: bridge control possible 0000:00:02.0
[   12.162733] SCSI subsystem initialized
[   12.188086] ACPI: bus type USB registered
[   12.212534] usbcore: registered new interface driver usbfs
[   12.228139] usbcore: registered new interface driver hub
[   12.229036] usbcore: registered new device driver usb
[   12.230113] PCI: Using ACPI for IRQ routing
[   12.231102] NetLabel: Initializing
[   12.231786] NetLabel:  domain hash size = 128
[   12.232559] NetLabel:  protocols = UNLABELED CIPSOv4
[   12.233462] NetLabel:  unlabeled traffic allowed by default
[   12.235003] amd_nb: Cannot enumerate AMD northbridges
[   12.235909] clocksource: Switched to clocksource kvm-clock
[   12640ApArmo: pArmor Fisyemnaed[ 12383] pnp: PnP ACPI init
[   12.920662] pnp: nPCP fnd dice
[  3.61] lockourc ai_pm: mask: 0xffffff max_cycl: 0xff, x_les:08014 
  3.22] T:egted otcofami 2[ 14.510 T eabshedastable entries: 32768orr:, 21 bes
[ 15358]CP bd shab eri: 328 rder 7, 42 bes
[ 16481]CPHa tables configured (established 32768 bind 32768)
[   16.317085] UDP hash table entries: 2048 (order: 4, 65536 bytes)
[   16.318096] UDP-Lite hash table entries: 2048 (order: 4, 65536 bytes)
[   16.319164] NET: Registered protocol family 1
[   16.319919] pci 0000:00:00.0: Limiting direct PCI/PCI transfers
[   16.320881] pci 0000:00:01.0: Activating ISA DMA hang workarounds
[   16.321959] Unpacking initramfs...

[ 16770] Freeing initrd memry142K[ 16717]laorrtcm: giered platform RTC devce (no PNP deceou)
  7.5840Scning for low memory corruption every 60 seconds
[   17.783868] audit: initializing netlink subsys (disabled)
[   17.784849] audit: type=2000 ait(14058441)iniaze
[ 18053]tsc RefineTSclksrccabrio 10.6 z
[   18.961486] clocksource: tsc: mask: 0xffffffffffffffff max_cycles: 0x19f2ec45d9a, max_idle_ns: 440795296922 ns
[   18.961877] Initialise system trusted keyring
[   18.962238] HugeTLB registered 2 MB page size, pre-allocated 0 pages
[   18.963705] zbud: loaded
[   18.964237] VFS: Disk quotas dquot_6.6.0
[   18.964263] VFS: Dquot-cache hash table entries: 512 (order 0, 4096 bytes)
[   18.964463] squashfs: version 4.0 (2009/01/31) Phillip Lougher
[   18.964775] fuse init (API version 7.23)
[   18.964878] Key type big_key registered
[   18.964893] Allocating IMA MOK and blacklist keyrings.
[   18.967250] Key type asymmetric registered
[   18.967255] Asymmetric key parser 'x509' registered
[   18.967287] Block layer SCSI generic (bsg) driver version 0.4 loaded (major 249)
[   18.967334] io scheduler noop registered
[   18.967335] io scheduler deadline registered (default)
[   18.967363] io scheduler cfq registered
[   18.967444] pci_hotplug: PCI Hot Plug PCI Core version: 0.5
[   18.967449] pciehp: PCI Express Hot Plug Controller Driver version: 0.4
[   18.967568] ACPI: AC Adapter [AC] (on-line)
[   18.967614] input: Power Button as /devices/LNXSYSTM:00/LNXPWRBN:00/input/input0
[   18.967617] ACPI: Power Button [PWRF]
[   18.967673] input: Sleep Button as /devices/LNXSYSTM:00/LNXSLPBN:00/input/input1
[   18.967674] ACPI: Sleep Button [SLPF]
[   18.967868] GHES: HEST is not enabled!
[   18.967961] Serial: 8250/16550 driver, 32 ports, IRQ sharing enabled
[   18.968428] ACPI: Battery Slot [BAT0] (battery present)
[   19.057085] 00:02: ttyS0 at I/O 0x3f8 (irq = 4, base_baud = 115200) is a 16550A
[   19.116821] Linux agpgart interface v0.103
[   19.214091] loop: module loaded
[   19.214813] scsi host0: ata_piix
[   19.215106] scsi host1: ata_piix
[   19.215146] ata1: PATA max UDMA/33 cmd 0x1f0 ctl 0x3f6 bmdma 0xd000 irq 14
[   19.215147] ata2: PATA max UDMA/33 cmd 0x170 ctl 0x376 bmdma 0xd008 irq 15
[   19.215254] libphy: Fixed MDIO Bus: probed
[   19.215257] tun: Universal TUN/TAP device driver, 1.6
[   19.215258] tun: (C) 1999-2004 Max Krasnyansky <maxk@qualcomm.com>
[   19.215535] PPP generic driver version 2.4.2
[   19.215581] ehci_hcd: USB 2.0 'Enhanced' Host Controller (EHCI) Driver
[   19.215585] ehci-pci: EHCI PCI platform driver
[   19.215601] ehci-platform: EHCI generic platform driver
[   19.215609] ohci_hcd: USB 1.1 'Open' Host Controller (OHCI) Driver
[   19.215611] ohci-pci: OHCI PCI platform driver
[   19.215618] ohci-platform: OHCI generic platform driver
[   19.215623] uhci_hcd: USB Universal Host Controller Interface driver
[   19.215684] i8042: PNP: PS/2 Controller [PNP0303:PS2K,PNP0f03:PS2M] at 0x60,0x64 irq 1,12
[   19.216222] serio: i8042 KBD port at 0x60,0x64 irq 1
[   19.216226] serio: i8042 AUX port at 0x60,0x64 irq 12
[   19.216319] mousedev: PS/2 mouse device common for all mice
[   19.216581] rtc_cmos rtc_cmos: rtc core: registered rtc_cmos as rtc0
[   19.216647] rtc_cmos rtc_cmos: alarms up to one day, 114 bytes nvram
[   19.216653] i2c /dev entries driver
[   19.216700] device-mapper: uevent: version 1.0.3
[   19.216755] device-mapper: ioctl: 4.34.0-ioctl (2015-10-28) initialised: dm-devel@redhat.com
[   19.216773] ledtrig-cpu: registered to indicate activity on CPUs
[   19.217417] NET: Registered protocol family 10
[   19.217549] input: AT Translated Set 2 keyboard as /devices/platform/i8042/serio0/input/input2
[   19.217627] NET: Registered protocol family 17
[   19.217636] Key type dns_resolver registered
[   19.217919] registered taskstats version 1
[   19.217929] Loading compiled-in X.509 certificates
[   19.218407] Loaded X.509 cert 'Build time autogenerated kernel key: a88b0f663ecfd40e6a501dee2f0b211d51902e35'
[   19.218424] zswap: loaded using pool lzo/zbud
[   19.220394] Key type trusted registered
[   19.223827] Key type encrypted registered
[   19.223833] AppArmor: AppArmor sha1 policy hashing enabled
[   19.223836] ima: No TPM chip found, activating TPM-bypass!
[   19.223844] ima: Allocated hash algorithm: sha1
[   19.223855] evm: HMAC attrs: 0x1
[   19.224353]   Magic number: 14:821:859
[   19.247262] rtc_cmos rtc_cmos: setting system clock to 2018-12-06 00:53:15 UTC (1544057595)
[   19.247479] BIOS EDD facility v0.16 2004-Jun-25, 0 devices found
[   19.247479] EDD information not available.
[   21.102702] Freeing unused kernel memory: 1528K
[   21.176563] Write protecting the kernel read-only data: 14336k
[   21.225460] Freeing unused kernel memory: 1664K
[   21.260824] Freeing unused kernel memory: 92K
Loading, please wait...
starting version 229
[   21.300569] random: systemd-udevd: uninitialized urandom read (16 bytes read, 7 bits of entropy available)
[   21.301323] random: udevadm: uninitialized urandom read (16 bytes read, 7 bits of entropy available)
[   21.301337] random: udevadm: uninitialized urandom read (16 bytes read, 7 bits of entropy available)
[   21.305199] random: systemd-udevd: uninitialized urandom read (16 bytes read, 7 bits of entropy available)
[   21.307742] random: udevadm: uninitialized urandom read (16 bytes read, 7 bits of entropy available)
[   21.307775] random: udevadm: uninitialized urandom read (16 bytes read, 7 bits of entropy available)
[   21.307998] random: udevadm: uninitialized urandom read (16 bytes read, 7 bits of entropy available)
[   21.308056] random: udevadm: uninitialized urandom read (16 bytes read, 7 bits of entropy available)
[   21.308095] random: udevadm: uninitialized urandom read (16 bytes read, 7 bits of entropy available)
[   21.308131] random: udevadm: uninitialized urandom read (16 bytes read, 7 bits of entropy available)
[   21.737962] Fusion MPT base driver 3.04.20
[   21.745264] Copyright (c) 1999-2008 LSI Corporation
[   21.777467] e1000: Intel(R) PRO/1000 Network Driver - version 7.3.21-k8-NAPI
[   21.780819] e1000: Copyright (c) 1999-2006 Intel Corporation.
[   21.818326] Fusion MPT SPI Host driver 3.04.20
[   21.882091] AVX2 version of gcm_enc/dec engaged.
[   21.935324] AES CTR mode by8 optimization enabled
[   22.019854] input: ImExPS/2 Generic Explorer Mouse as /devices/platform/i8042/serio1/input/input4
[   22.232497] e1000 0000:00:03.0 eth0: (PCI:33MHz:32-bit) 02:6c:0f:88:42:07
[   22.962150] e1000 0000:00:03.0 eth0: Intel(R) PRO/1000 Network Connection
[   23.800140] e1000 0000:00:08.0 eth1: (PCI:33MHz:32-bit) 08:00:27:26:04:89
[   24.233230] e1000 0000:00:08.0 eth1: Intel(R) PRO/1000 Network Connection
[   24.245170] e1000 0000:00:08.0 enp0s8: renamed from eth1
[   24.253593] mptbase: ioc0: Initiating bringup
[   24.264928] e1000 0000:00:03.0 enp0s3: renamed from eth0
[   24.324496] ioc0: LSI53C1030 A0: Capabilities={Initiator}
[   24.636386] scsi host2: ioc0: LSI53C1030 A0, FwRev=00000000h, Ports=1, MaxQ=256, IRQ=20
[   26.116299] scsi 2:0:0:0: Direct-Access     VBOX     HARDDISK         1.0  PQ: 0 ANSI: 5
[   26.280066] scsi target2:0:0: Beginning Domain Validation
[   26.282009] scsi target2:0:0: Domain Validation skipping write tests
[   26.283020] scsi target2:0:0: Ending Domain Validation
[   26.283894] scsi target2:0:0: asynchronous
[   26.295238] scsi 2:0:1:0: Direct-Access     VBOX     HARDDISK         1.0  PQ: 0 ANSI: 5
[   26.302987] scsi target2:0:1: Beginning Domain Validation
[   26.305035] scsi target2:0:1: Domain Validation skipping write tests
[   26.306069] scsi target2:0:1: Ending Domain Validation
[   26.307087] scsi target2:0:1: asynchronous
[   26.316905] sd 2:0:0:0: Attached scsi generic sg0 type 0
[   26.316939] sd 2:0:0:0: [sda] 20971520 512-byte logical blocks: (10.7 GB/10.0 GiB)
[   26.317072] sd 2:0:0:0: [sda] Write Protect is off
[   26.317160] sd 2:0:0:0: [sda] Incomplete mode parameter data
[   26.317161] sd 2:0:0:0: [sda] Assuming drive cache: write through
[   26.319694]  sda: sda1
[   26.320284] sd 2:0:0:0: [sda] Attached SCSI disk
[   26.328751] sd 2:0:1:0: Attached scsi generic sg1 type 0
[   26.328872] sd 2:0:1:0: [sdb] 20480 512-byte logical blocks: (10.5 MB/10.0 MiB)
[   26.329116] sd 2:0:1:0: [sdb] Write Protect is off
[   26.329335] sd 2:0:1:0: [sdb] Incomplete mode parameter data
[   26.329336] sd 2:0:1:0: [sdb] Assuming drive cache: write through
[   26.332177] sd 2:0:1:0: [sdb] Attached SCSI disk
Begin: Loading e[   27.962053] md: linear personality registered for level -1
ssential drivers ... [   27.978776] md: multipath personality registered for level -4
[   27.988537] md: raid0 personality registered for level 0
[   27.992723] md: raid1 personality registered for level 1
[   28.064439] raid6: sse2x1   gen()  9265 MB/s
[   28.131995] raid6: sse2x1   xor()  8119 MB/s
[   28.236294] raid6: sse2x2   gen() 12978 MB/s
[   28.340027] raid6: sse2x2   xor()  8224 MB/s
[   28.420204] raid6: sse2x4   gen() 11572 MB/s
[   28.494360] raid6: sse2x4   xor()  7492 MB/s
[   28.560162] raid6: avx2x1   gen() 21497 MB/s
[   28.636507] raid6: avx2x2   gen() 23407 MB/s
[   28.704253] raid6: avx2x4   gen() 25881 MB/s
[   28.788202] raid6: using algorithm avx2x4 gen() 25881 MB/s
[   28.877088] raid6: using avx2x2 recovery algorithm
[   29.007610] xor: automatically using best checksumming function:
[   29.164495]    avx       : 24558.000 MB/sec
[   29.211329] async_tx: api initialized (async)
[   29.248437] md: raid6 personality registered for level 6
[   29.296961] md: raid5 personality registered for level 5
[   29.345059] md: raid4 personality registered for level 4
[   29.417416] md: raid10 personality registered for level 10
done.
Begin: Running[   29.512407] Btrfs loaded
 /scripts/init-premount ... done.
Begin: Mounting root file system ... Begin: Running /scripts/local-top ... done.
Begin: Running /scripts/local-premount ... Scanning for Btrfs filesystems
done.
Warning: fsck not present, so skipping root file system
[   29.550094] EXT4-fs (sda1): INFO: recovery required on readonly filesystem
[   29.551178] EXT4-fs (sda1): write access will be enabled during recovery
[   29.571730] EXT4-fs (sda1): orphan cleanup on readonly fs
[   29.623027] EXT4-fs (sda1): 5 orphan inodes deleted
[   29.632262] EXT4-fs (sda1): recovery complete
[   29.649495] EXT4-fs (sda1): mounted filesystem with ordered data mode. Opts: (null)
done.
Begin: Running /scripts/local-bottom ... done.
Begin: Running /scripts/init-bottom ... done.
[   30.784813] systemd[1]: systemd 229 running in system mode. (+PAM +AUDIT +SELINUX +IMA +APPARMOR +SMACK +SYSVINIT +UTMP LIRYSEP CRT GNUTLS +ACL +XZ -LZ4 +SECCOMP +BLKID +ELFUTILS +KMOD -IDN)
[   31206sysemd[1]: Detected virtuiztion ac.
[   31.5587] systemd[1]: Detected architecture x-64. 
Welcome to [1mUbuntu 16.04.5 LTS[0m!

[  31.819 ste[1: Sehona t<uuntu-xenia.
[   32.4480raom: nonblockingooisnitlid
[  3020665] systemd[1: stingn /dev/initctl Compatibility Named Pi.
[[0;32m  OK  [0m] Listening on /dev/initctl Compatibility Named Pipe.
[ 335289] sstd[: stinondeCoroSoet
[[0;32m  OK  [0m] Listening on udev Control Socket.
[  34.5415] systemd[1]: Set up automount Arbitryxecutale File FoatFi SteAutomount Point

[[0;32m  OK  [0m] Set up automount Arbitrary Executab...ats File System Automount Point.
[  35.0752] syem1]Crated icSyste Sce
[[0;32m  OK  [0m] Created slice System Slice.
[  35.69144syemd[: eaed slice system-seriax2et.sce
[[0;32m  OK  [0m] Created slice system-serial\x2dgetty.slice.
[   34221systemd[1] Stted Foward Password Requsttoal Decry Watc
[[0;32m  OK  [0m] Started Forward Password Requests to Wall Directory Watch.
[   36.974880] systemd[1]: Listening on Syslog Socket.
[[0;32m  OK  [0m] Listening on Syslog Socket.
[   .952] systemd[1]: Cated sliceUseranSessn Slice.
[[0;32m  OK  [0m] Created slice User and Session Slice.
[   .370688] systemd[1]: Reached target User a Group Nae oks.
[[0;32m  OK  [0m] Reached target User and Group Name Lookups.
[ 37056]ysmd]:Reached target Swap.
[[0;32m  OK  [0m] Reached target Swap.
[ 38089] systemd[1]: Listening on Journal Socket (/dev/log).
[[0;32m  OK  [0m] Listening on Journal Socket (/dev/log).
[  3.368132]ysmd]: Reacedart ices.
[[0;32m  OK  [0m] Reached target Slices.
[   39.111938] systemd[1]: Listening on Device-mapper event daemon FIFOs.
[[0;32m  OK  [0m] Listening on Device-mapper event daemon FIFOs.
[   39.114236] systemd[1]: Listening on Journal Socket.
[[0;32m  OK  [0m] Listening on Journal Socket.
[   39.344593] systemd[1]: Starting Load Kernel Modules...
         [   39.495890] Loading iSCSI transport class v2.0-870.
Starting Load Ke[   39.647884] iscsi: registered transport (tcp)
rnel Modules...
[   40.347795] iscsi: registered transport (iser)
[   40.976638] systemd[1]: Starting Uncomplicated firewall...
         Starting Uncomplicated firewall...
[   40.979361] systemd[1]: Starting Create list of required static device nodes for the current kernel...
         Starting Create list of required st... nodes for the current kernel...
[   41.140010] systemd[1]: Mounting Huge Pages File System...
         Mounting Huge Pages File System...
[   41.210116] systemd[1]: Starting Set console keymap...
         Starting Set console keymap...
[   41.236823] systemd[1]: Mounting POSIX Message Queue File System...
         Mounting POSIX Message Queue File System...
[   41.256426] systemd[1]: Listening on LVM2 poll daemon socket.
[[0;32m  OK  [0m] Listening on LVM2 poll daemon socket.
[   41.448682] systemd[1]: Reached target Encrypted Volumes.
[[0;32m  OK  [0m] Reached target Encrypted Volumes.
[   41.676437] systemd[1]: Reached target System Time Synchronized.
[[0;32m  OK  [0m] Reached target System Time Synchronized.
[   41.820622] systemd[1]: Starting Remount Root and Kernel File Systems...
[   41.827065] EXT4-fs (sda1): re-mounted. Opts: (null)
         Starting Remount Root and Kernel File Systems...
[   42.172663] systemd[1]: Listening on Journal Audit Socket.
[[0;32m  OK  [0m] Listening on Journal Audit Socket.
[   42.276149] systemd[1]: Starting Journal Service...
         Starting Journal Service...
[   42.440141] systemd[1]: Mounting Debug File System...
         Mounting Debug File System...
[   42.592971] systemd[1]: Listening on LVM2 metadata daemon socket.
[[0;32m  OK  [0m] Listening on LVM2 metadata daemon socket.
[   42.816816] systemd[1]: Starting Monitoring of LVM2 mirrors, snapshots etc. using dmeventd or progress polling...
         Starting Monitoring of LVM2 mirrors... dmeventd or progress polling...
[   43.000186] systemd[1]: Listening on udev Kernel Socket.
[[0;32m  OK  [0m] Listening on udev Kernel Socket.
[   43.308577] systemd[1]: Starting Nameserver information manager...
         Starting Nameserver information manager...
[   43.349750] systemd[1]: Started Trigger resolvconf update for networkd DNS.
[[0;32m  OK  [0m] Started Trigger resolvconf update for networkd DNS.
[   43.398161] systemd[1]: Mounted Huge Pages File System.
[[0;32m  OK  [0m] Mounted Huge Pages File System.
[   43.572356] systemd[1]: Mounted POSIX Message Queue File System.
[[0;32m  OK  [0m] Mounted POSIX Message Queue File System.
[   43.832770] systemd[1]: Mounted Debug File System.
[[0;32m  OK  [0m] Mounted Debug File System.
[   44.017002] systemd[1]: Started Journal Service.
[[0;32m  OK  [0m] Started Journal Service.
[[0;32m  OK  [0m] Started Load Kernel Modules.
[[0;32m  OK  [0m] Started Uncomplicated firewall.
[[0;32m  OK  [0m] Started Create list of required sta...ce nodes for the current kernel.
[[0;32m  OK  [0m] Started Set console keymap.
[[0;32m  OK  [0m] Started Remount Root and Kernel File Systems.
[[0;32m  OK  [0m] Started Nameserver information manager.
[[0;32m  OK  [0m] Started LVM2 metadata daemon.
         Starting udev Coldplug all Devices...
         Starting Load/Save Random Seed...
         Starting Create Static Device Nodes in /dev...
         Starting Apply Kernel Variables...
         Mounting FUSE Control File System...
         Starting Flush Journal to Persistent Storage...
[[0;32m  OK  [0m] Mounted FUSE Control File System.
[[0;32m  OK  [0m] Started Monitoring of LVM2 mirrors,...ng dmeventd or progress polling.
[[0;32m  OK  [0m] Started Load/Save Random Seed.
[[0;32m  OK  [0m] Started Create Static Device Nodes in /dev.
[[0;32m  OK  [0m] Started Apply Kernel Variables.
[[0;32m  OK  [0m] Started udev Coldplug all Devices.
         Starting udev Kernel Device Manager...
[[0;32m  OK  [0m] Reached target Local File Systems (Pre).
[[0;32m  OK  [0m] Reached target Local File Systems.
         Starting Set console font and keymap...
         Starting LSB: AppArmor initialization...
         Starting Initial cloud-init job (pre-networking)...
         Starting Tell Plymouth To Write Out Runtime Data...
[[0;32m  OK  [0m] Started udev Kernel Device Manager.
[[0;32m  OK  [0m] Started Flush Journal to Persistent Storage.
[[0;32m  OK  [0m] Started Tell Plymouth To Write Out Runtime Data.
         Starting Create Volatile Files and Directories...
[[0;32m  OK  [0m] Started Dispatch Password Requests to Console Directory Watch.
[[0;32m  OK  [0m] Started Create Volatile Files and Directories.
[[0;32m  OK  [0m] Started LSB: AppArmor initialization.
[[0;32m  OK  [0m] Found device /dev/ttyS0.
[[0;32m  OK  [0m] Listening on Load/Save RF Kill Switch Status /dev/rfkill Watch.
         Starting Update UTMP about System Boot/Shutdown...
[[0;32m  OK  [0m] Started Set console font and keymap.
[   35.464714] cloud-init[486]: Cloud-init v. 18.4-0ubuntu1~16.04.2 running 'init-local' at Thu, 06 Dec 2018 00:53:43 +0000. Up 35.19 seconds.
[[0;32m  OK  [0m] Created slice system-getty.slice.
[[0;32m  OK  [0m] Started Update UTMP about System Boot/Shutdown.
[[0;32m  OK  [0m] Started Initial cloud-init job (pre-networking).
[[0;32m  OK  [0m] Reached target Network (Pre).
         Starting Raise network interfaces...
[[0;32m  OK  [0m] Started ifup for enp0s8.
[[0;32m  OK  [0m] Started ifup for enp0s3.
[[0;32m  OK  [0m] Started Raise network interfaces.
[[0;32m  OK  [0m] Reached target Network.
         Starting Initial cloud-init job (metadata service crawler)...
[   37.105314] cloud-init[1076]: Cloud-init v. 18.4-0ubuntu1~16.04.2 running 'init' at Thu, 06 Dec 2018 00:53:44 +0000. Up 36.91 seconds.
[   37.292993] [cloud-init[0;32m  OK  [0m[1076]: ] ci-info: ++++++++++++++++++++++++++++++++++++++Net device info++++++++++++++++++++++++++++++++++++++Started Initial cloud-init job (metadata service crawler).

[   37.293584] cloud-init[1076]: ci-info: +--------+------+----------------------------+---------------+--------+-------------------+
[   37.570330] [cloud-init[0;32m  OK  [0m[1076]: ] ci-info: | Device |  Up  |          Address           |      Mask     | Scope  |     Hw-Address    |Reached target Network is Online.

[   37.572300] cloud-init[1076]: ci-info: +--------+------+----------------------------+---------------+--------+-------------------+
[   37.573780] cloud-init[1076]: ci-info: | enp0s3 | True |         10.0.2.15          | 255.255.255.0 | global | 02:6c:0f:88:42:07 |
[   37.993126]          cloud-initStarting iSCSI initiator daemon (iscsid)...[1076]: 
ci-info: | enp0s3 | True | fe80::6c:fff:fe88:4207/64  |       .       |  link  | 02:6c:0f:88:42:07 |
[   38.121504] [cloud-init[0;32m  OK  [0m[1076]: ] ci-info: | enp0s8 | True |       192.168.33.10        | 255.255.255.0 | global | 08:00:27:26:04:89 |Reached target Cloud-config availability.

[[   38.121856] [0;32m  OK  [0mcloud-init] [1076]: Reached target System Initialization.ci-info: | enp0s8 | True | fe80::a00:27ff:fe26:489/64 |       .       |  link  | 08:00:27:26:04:89 |

[   38.592050] [cloud-init[0;32m  OK  [0m[1076]: ] ci-info: |   lo   | True |         127.0.0.1          |   255.0.0.0   |  host  |         .         |Started ACPI Events Check.

[   38.593837] [cloud-init[0;32m  OK  [0m[1076]: ] ci-info: |   lo   | True |          ::1/128           |       .       |  host  |         .         |Reached target Paths.

[   38.796104] [cloud-init[0;32m  OK  [0m[1076]: ] ci-info: +--------+------+----------------------------+---------------+--------+-------------------+Listening on D-Bus System Message Bus Socket.

[   38.896391] [cloud-init[0;32m  OK  [0m[1076]: ] ci-info: ++++++++++++++++++++++++++++Route IPv4 info++++++++++++++++++++++++++++Listening on ACPID Listen Socket.

         [   38.896731] Starting Socket activation for snappy daemon.cloud-init
[1076]: ci-info: +-------+--------------+----------+---------------+-----------+-------+
[   39.065571] [cloud-init[0;32m  OK  [0m[1076]: ] ci-info: | Route | Destination  | Gateway  |    Genmask    | Interface | Flags |Listening on UUID daemon activation socket.

[   39.828418] [cloud-init[0;32m  OK  [0m[1076]: ] ci-info: +-------+--------------+----------+---------------+-----------+-------+Started Daily Cleanup of Temporary Directories.

[   40.036610] [cloud-init[0;32m  OK  [0m[1076]: ] ci-info: |   0   |   0.0.0.0    | 10.0.2.2 |    0.0.0.0    |   enp0s3  |   UG  |Started Daily apt download activities.

[   40.119590]          cloud-initStarting LXD - unix socket.[1076]: 
ci-info: |   1   |   10.0.2.0   | 0.0.0.0  | 255.255.255.0 |   enp0s3  |   U   |
[   40.243461] [cloud-init[0;32m  OK  [0m[1076]: ] ci-info: |   2   | 192.168.33.0 | 0.0.0.0  | 255.255.255.0 |   enp0s8  |   U   |Started Daily apt upgrade and clean activities.

[[   40.351879] [0;32m  OK  [0mcloud-init] [1076]: Reached target Timers.ci-info: +-------+--------------+----------+---------------+-----------+-------+

[   40.352158] cloud-init[1076]: ci-info: +++++++++++++++++++Route IPv6 info+++++++++++++++++++
[   40.354960] cloud-init[1076]: ci-info: +-------+-------------+---------+-----------+-------+
[   40.368644] [cloud-init[0;32m  OK  [0m[1076]: ] ci-info: | Route | Destination | Gateway | Interface | Flags |Listening on Socket activation for snappy daemon.

[   40.571635] [cloud-init[0;32m  OK  [0m[1076]: ] ci-info: +-------+-------------+---------+-----------+-------+Listening on LXD - unix socket.

[   40.573465] [cloud-init[0;32m  OK  [0m[1076]: ] ci-info: |   0   |  fe80::/64  |    ::   |   enp0s8  |   U   |Started iSCSI initiator daemon (iscsid).

[   40.575556] cloud-init[1076]: ci-info: |   1   |  fe80::/64  |    ::   |   enp0s3  |   U   |
[   40.624723]          cloud-initStarting Login to default iSCSI targets...[1076]: 
ci-info: |   4   |   ff00::/8  |    ::   |   enp0s8  |   U   |
[   40.798416] [cloud-init[0;32m  OK  [0m[1076]: ] ci-info: |   5   |   ff00::/8  |    ::   |   enp0s3  |   U   |Reached target Sockets.

[   40.805204] [cloud-init[0;32m  OK  [0m[1076]: ] ci-info: +-------+-------------+---------+-----------+-------+Reached target Basic System.

[[0;32m  OK  [0m] Started D-Bus System Message Bus.
         Starting MySQL Community Server...
[[0;32m  OK  [0m] Started Unattended Upgrades Shutdown.
         Starting Login Service...
         Starting LSB: MD monitoring daemon...
         Starting LXD - container startup/shutdown...
         Starting LSB: Record successful boot for GRUB...
         Starting OpenBSD Secure Shell server...
         Starting /etc/rc.local Compatibility...
[[0;32m  OK  [0m] Started ACPI event daemon.
         Starting System Logging Service...
[[0;32m  OK  [0m] Started Regular background program processing daemon.
[[0;32m  OK  [0m] Started Deferred execution scheduler.
         Starting Accounts Service...
         Starting Virtualbox guest utils...
[[0;32m  OK  [0m] Started FUSE filesystem for LXC.
         Starting Snappy daemon...
[[0;32m  OK  [0m] Started System Logging Service.
[[0;32m  OK  [0m] Started LXD - container startup/shutdown.
[[0;32m  OK  [0m] Started /etc/rc.local Compatibility.
[[0;32m  OK  [0m] Started OpenBSD Secure Shell server.
[[0;32m  OK  [0m] Started Login to default iSCSI targets.
[[0;32m  OK  [0m] Started LSB: Record successful boot for GRUB.
[[0;32m  OK  [0m] Started LSB: MD monitoring daemon.
[[0;32m  OK  [0m] Started Login Service.
         Starting Authenticate and Authorize Users to Run Privileged Tasks...
[[0;32m  OK  [0m] Reached target Remote File Systems (Pre).
[[0;32m  OK  [0m] Reached target Remote File Systems.
         Starting Permit User Sessions...
         Starting LSB: daemon to balance interrupts for SMP systems...
         Starting LSB: Apache2 web server...
         Starting LSB: Set the CPU Frequency Scaling governor to "ondemand"...
         Starting LSB: automatic crash report generation...
[[0;32m  OK  [0m] Started Virtualbox guest utils.
[[0;32m  OK  [0m] Started Permit User Sessions.
[[0;32m  OK  [0m] Started Authenticate and Authorize Users to Run Privileged Tasks.
[[0;32m  OK  [0m] Started Accounts Service.
         Starting Terminate Plymouth Boot Screen...
         Starting Hold until boot process finishes up...
[[0;32m  OK  [0m] Started Snappy daemon.
[[0;32m  OK  [0m] Started LSB: daemon to balance interrupts for SMP systems.
[[0;32m  OK  [0m] Started LSB: Set the CPU Frequency Scaling governor to "ondemand".
[[0;32m  OK  [0m] Started Terminate Plymouth Boot Screen.
[[0;32m  OK  [0m] Started Hold until boot process finishes up.
[[0;32m  OK  [0m] Started Getty on tty1.
         Starting Set console scheme...
[[0;32m  OK  [0m] Started Serial Getty on ttyS0.
[[0;32m  OK  [0m] Reached target Login Prompts.
         Starting Wait until snapd is fully seeded...
[[0;32m  OK  [0m] Started LSB: automatic crash report generation.
[[0;32m  OK  [0m] Started Set console scheme.
[[0;32m  OK  [0m] Started Wait until snapd is fully seeded.
         Starting Apply the settings specified in cloud-config...
[   42.253782] cloud-init[1353]: Cloud-init v. 18.4-0ubuntu1~16.04.2 running 'modules:config' at Thu, 06 Dec 2018 00:53:49 +0000. Up 42.15 seconds.
[[0;32m  OK  [0m] Started Apply the settings specified in cloud-config.
[[0;32m  OK  [0m] Created slice User Slice of vagrant.
         Starting User Manager for UID 1000...
[[0;32m  OK  [0m] Started User Manager for UID 1000.
[[0;32m  OK  [0m] Started Session 1 of user vagrant.
[[0;32m  OK  [0m] Started LSB: Apache2 web server.
[[0;32m  OK  [0m] Started MySQL Community Server.
[[0;32m  OK  [0m] Reached target Multi-User System.
[[0;32m  OK  [0m] Reached target Graphical Interface.
         Starting Execute cloud user/final scripts...
         Starting Update UTMP about System Runlevel Changes...
[[0;32m  OK  [0m] Started Update UTMP about System Runlevel Changes.
[   43.801128] cloud-init[1535]: Cloud-init v. 18.4-0ubuntu1~16.04.2 running 'modules:final' at Thu, 06 Dec 2018 00:53:51 +0000. Up 43.72 seconds.
[   43.912497] cloud-init[1535]: Cloud-init v. 18.4-0ubuntu1~16.04.2 finished at Thu, 06 Dec 2018 00:53:51 +0000. Datasource DataSourceNoCloud [seed=/dev/sdb][dsmode=net].  Up 43.79 seconds
[[0;32m  OK  [0m] Started Execute cloud user/final scripts.
[[0;32m  OK  [0m] Reached target Cloud-init target.

Ubuntu 16.04.5 LTS ubuntu-xenial ttyS0

ubuntu-xenial login:          Stopping Daemon n         Stopping LSB: Set the CPU Frequency Scaling governor to "ondemand"...
         Stopping ACPI event daemon...
[[0;32m  OK  [0m] Unmounted /var/lib/lxcfs.
[[0;32m  OK  [0m] Stopped System Logging Service.
[[0;32m  OK  [0m] Stopped ACPI event daemon.
[[0;32m  OK  [0m] Stopped Regular background program processing daemon.
[[0;32m  OK  [0m] Stopped Deferred execution scheduler.
[[0;32m  OK  [0m] Stopped Accounts Service.
[[0;32m  OK  [0m] Stopped Snappy daemon.
[[0;32m  OK  [0m] Stopped OpenBSD Secure Shell server.
[[0;32m  OK  [0m] Stopped Authenticate and Authorize Users to Run Privileged Tasks.
[[0;32m  OK  [0m] Stopped Getty on tty1.
[[0;32m  OK  [0m] Stopped Serial Getty on ttyS0.
[[0;32m  OK  [0m] Stopped Daemon for generating UUIDs.
[[0;32m  OK  [0m] Stopped User Manager for UID 1000.
[[0;32m  OK  [0m] Stopped Unattended Upgrades Shutdown.
[[0;32m  OK  [0m] Stopped D-Bus System Message Bus.
[[0;32m  OK  [0m] Stopped Session 4 of user vagrant.
[[0;32m  OK  [0m] Stopped FUSE filesystem for LXC.
[[0;32m  OK  [0m] Stopped LXD - container startup/shutdown.
[[0;32m  OK  [0m] Stopped LSB: MD monitoring daemon.
[[0;32m  OK  [0m] Stopped LSB: automatic crash report generation.
[[0;32m  OK  [0m] Stopped LSB: Record successful boot for GRUB.
[[0;32m  OK  [0m] Stopped Virtualbox guest utils.
[[0;32m  OK  [0m] Stopped LSB: daemon to balance interrupts for SMP systems.
[[0;32m  OK  [0m] Stopped LSB: Set the CPU Frequency Scaling governor to "ondemand".
[[0;32m  OK  [0m] Removed slice User Slice of vagrant.
         Stopping Login Service...
[[0;32m  OK  [0m] Removed slice system-serial\x2dgetty.slice.
[[0;32m  OK  [0m] Stopped /etc/rc.local Compatibility.
[[0;32m  OK  [0m] Removed slice system-getty.slice.
         Stopping Permit User Sessions...
[[0;32m  OK  [0m] Stopped Login Service.
[[0;32m  OK  [0m] Stopped Permit User Sessions.
[[0;32m  OK  [0m] Stopped target User and Group Name Lookups.
[[0;32m  OK  [0m] Stopped MySQL Community Server.
[[0;32m  OK  [0m] Stopped LSB: Apache2 web server.
[[0;32m  OK  [0m] Stopped target Basic System.
[[0;32m  OK  [0m] Stopped target Sockets.
[[0;32m  OK  [0m] Closed UUID daemon activation socket.
[[0;32m  OK  [0m] Closed LXD - unix socket.
[[0;32m  OK  [0m] Closed Syslog Socket.
[[0;32m  OK  [0m] Closed D-Bus System Message Bus Socket.
[[0;32m  OK  [0m] Closed ACPID Listen Socket.
[[0;32m  OK  [0m] Closed Socket activation for snappy daemon.
[[0;32m  OK  [0m] Stopped target Paths.
[[0;32m  OK  [0m] Stopped ACPI Events Check.
[[0;32m  OK  [0m] Stopped target System Initialization.
         Stopping Load/Save Random Seed...
[[0;32m  OK  [0m] Stopped target Swap.
[[0;32m  OK  [0m] Stopped Create Volatile Files and Directories.
[[0;32m  OK  [0m] Stopped target Encrypted Volumes.
[[0;32m  OK  [0m] Stopped Dispatch Password Requests to Console Directory Watch.
[[0;32m  OK  [0m] Stopped Forward Password Requests to Wall Directory Watch.
[[0;32m  OK  [0m] Stopped target Slices.
[[0;32m  OK  [0m] Removed slice User and Session Slice.
[[0;32m  OK  [0m] Stopped target Remote File Systems.
[[0;32m  OK  [0m] Stopped target Remote File Systems (Pre).
         Stopping Login to default iSCSI targets...
[[0;32m  OK  [0m] Stopped Load/Save Random Seed.
[[0;32m  OK  [0m] Stopped Login to default iSCSI targets.
         Stopping iSCSI initiator daemon (iscsid)...
[[0;32m  OK  [0m] Stopped iSCSI initiator daemon (iscsid).
[[0;32m  OK  [0m] Stopped target Network is Online.
[[0;32m  OK  [0m] Stopped target Network.
[[0;32m  OK  [0m] Stopped Initial cloud-init job (metadata service crawler).
         Stopping Raise network interfaces...
[[0;32m  OK  [0m] Stopped Raise network interfaces.
[[0;32m  OK  [0m] Stopped target Network (Pre).
[[0;32m  OK  [0m] Stopped Initial cloud-init job (pre-networking).
[[0;32m  OK  [0m] Stopped Apply Kernel Variables.
[[0;32m  OK  [0m] Stopped Load Kernel Modules.
[[0;32m  OK  [0m] Stopped target Local File Systems.
         Unmounting /run/user/1000...
         Unmounting /vagrant...
         Unmounting /var/www/app...
[[0;32m  OK  [0m] Unmounted /run/user/1000.
[[0;32m  OK  [0m] Unmounted /vagrant.
[[0;32m  OK  [0m] Unmounted /var/www/app.
[[0;32m  OK  [0m] Reached target Unmount All Filesystems.
[[0;32m  OK  [0m] Stopped target Local File Systems (Pre).
[[0;32m  OK  [0m] Stopped Remount Root and Kernel File Systems.
[[0;32m  OK  [0m] Stopped Create Static Device Nodes in /dev.
[[0;32m  OK  [0m] Reached target Shutdown.
[ 4183.471884] reboot: Power down
